\BOOKMARK [0][]{chapter*.5}{\376\377\000L\000i\000s\000t\000\040\000o\000f\000\040\000F\000i\000g\000u\000r\000e\000s}{}% 1
\BOOKMARK [0][]{chapter*.6}{\376\377\000L\000i\000s\000t\000\040\000o\000f\000\040\000T\000a\000b\000l\000e\000s}{}% 2
\BOOKMARK [0][]{chapter.1}{\376\377\000I\000n\000t\000r\000o\000d\000u\000c\000t\000i\000o\000n}{}% 3
\BOOKMARK [1][]{section.1.1}{\376\377\000O\000b\000j\000e\000c\000t\000i\000v\000e\000s}{chapter.1}% 4
\BOOKMARK [1][]{section.1.2}{\376\377\000T\000h\000e\000s\000i\000s\000\040\000o\000u\000t\000l\000i\000n\000e}{chapter.1}% 5
\BOOKMARK [1][]{section.1.3}{\376\377\000P\000a\000p\000e\000r\000\040\000c\000o\000n\000t\000r\000i\000b\000u\000t\000i\000o\000n\000s}{chapter.1}% 6
\BOOKMARK [0][]{chapter.2}{\376\377\000S\000t\000a\000t\000e\000\040\000O\000f\000\040\000T\000h\000e\000\040\000A\000r\000t}{}% 7
\BOOKMARK [1][]{section.2.1}{\376\377\000I\000n\000t\000r\000o\000d\000u\000c\000t\000i\000o\000n}{chapter.2}% 8
\BOOKMARK [1][]{section.2.2}{\376\377\000P\000h\000y\000s\000i\000c\000a\000l\000l\000y\000\040\000I\000n\000t\000e\000r\000a\000c\000t\000i\000v\000e\000\040\000R\000o\000b\000o\000G\000a\000m\000e\000s}{chapter.2}% 9
\BOOKMARK [1][]{section.2.3}{\376\377\000M\000o\000d\000e\000l\000i\000n\000g\000\040\000f\000o\000r\000\040\000c\000o\000m\000p\000e\000t\000i\000t\000i\000v\000e\000\040\000a\000d\000v\000a\000n\000t\000a\000g\000e}{chapter.2}% 10
\BOOKMARK [2][]{subsection.2.3.1}{\376\377\000C\000o\000m\000m\000e\000r\000c\000i\000a\000l\000\040\000i\000n\000t\000e\000r\000a\000c\000t\000i\000v\000e\000\040\000e\000n\000v\000i\000r\000o\000n\000m\000e\000n\000t}{section.2.3}% 11
\BOOKMARK [1][]{section.2.4}{\376\377\000M\000o\000d\000e\000l\000i\000n\000g\000\040\000f\000o\000r\000\040\000e\000x\000p\000e\000r\000i\000e\000n\000c\000e\000\040\000o\000p\000t\000i\000m\000i\000z\000a\000t\000i\000o\000n}{chapter.2}% 12
\BOOKMARK [2][]{subsection.2.4.1}{\376\377\000F\000o\000c\000u\000s\000\040\000o\000n\000\040\000c\000o\000g\000n\000i\000t\000i\000o\000n\000\040\000a\000n\000d\000\040\000t\000h\000e\000o\000r\000e\000t\000i\000c\000a\000l\000\040\000m\000o\000d\000e\000l\000s\000\040\000o\000f\000\040\000b\000e\000h\000a\000v\000i\000o\000r}{section.2.4}% 13
\BOOKMARK [2][]{subsection.2.4.2}{\376\377\000F\000o\000c\000u\000s\000\040\000o\000n\000\040\000i\000n\000-\000g\000a\000m\000e\000\040\000a\000c\000t\000i\000o\000n\000s}{section.2.4}% 14
\BOOKMARK [2][]{subsection.2.4.3}{\376\377\000F\000o\000c\000u\000s\000\040\000o\000n\000\040\000a\000f\000f\000e\000c\000t\000i\000o\000n\000\040\000a\000s\000p\000e\000c\000t\000s}{section.2.4}% 15
\BOOKMARK [2][]{subsection.2.4.4}{\376\377\000E\000x\000i\000s\000t\000i\000n\000g\000\040\000r\000e\000v\000i\000e\000w\000\040\000p\000a\000p\000e\000r\000s\000\040\000a\000n\000d\000\040\000t\000a\000x\000o\000n\000o\000m\000i\000e\000s\000\040\000f\000o\000r\000\040\000p\000l\000a\000y\000e\000r\000\040\000m\000o\000d\000e\000l\000i\000n\000g\000\040\000i\000n\000\040\000g\000a\000m\000e\000s}{section.2.4}% 16
\BOOKMARK [1][]{section.2.5}{\376\377\000A\000\040\000b\000r\000i\000e\000f\000\040\000d\000i\000s\000c\000u\000s\000s\000i\000o\000n\000\040\000o\000n\000\040\000a\000s\000p\000e\000c\000t\000s\000\040\000o\000f\000\040\000b\000e\000h\000a\000v\000i\000o\000r\000\040\000a\000n\000d\000\040\000a\000c\000t\000i\000v\000i\000t\000y\000\040\000m\000o\000d\000e\000l\000i\000n\000g\000\040\000f\000o\000r\000\040\000P\000I\000R\000G\000\040\000d\000e\000s\000i\000g\000n}{chapter.2}% 17
\BOOKMARK [1][]{section.2.6}{\376\377\000C\000o\000n\000c\000l\000u\000s\000i\000o\000n\000s}{chapter.2}% 18
\BOOKMARK [0][]{chapter.3}{\376\377\000F\000o\000u\000n\000d\000a\000t\000i\000o\000n\000s}{}% 19
\BOOKMARK [1][]{section.3.1}{\376\377\000G\000a\000m\000e\000\040\000e\000n\000v\000i\000r\000o\000n\000m\000e\000n\000t}{chapter.3}% 20
\BOOKMARK [1][]{section.3.2}{\376\377\000T\000o\000w\000e\000r\000s}{chapter.3}% 21
\BOOKMARK [1][]{section.3.3}{\376\377\000T\000h\000e\000\040\000r\000o\000b\000o\000t\000i\000c\000\040\000p\000l\000a\000t\000f\000o\000r\000m}{chapter.3}% 22
\BOOKMARK [2][]{subsection.3.3.1}{\376\377\000S\000e\000n\000s\000o\000r\000s}{section.3.3}% 23
\BOOKMARK [2][]{subsection.3.3.2}{\376\377\000M\000o\000t\000o\000r\000s}{section.3.3}% 24
\BOOKMARK [2][]{subsection.3.3.3}{\376\377\000O\000n\000b\000o\000a\000r\000d\000\040\000c\000o\000m\000p\000u\000t\000e\000r}{section.3.3}% 25
\BOOKMARK [2][]{subsection.3.3.4}{\376\377\000T\000h\000e\000\040\000c\000o\000n\000t\000r\000o\000l\000\040\000b\000o\000a\000r\000d\000s}{section.3.3}% 26
\BOOKMARK [2][]{subsection.3.3.5}{\376\377\000K\000i\000n\000e\000m\000a\000t\000i\000c\000s}{section.3.3}% 27
\BOOKMARK [0][]{chapter.4}{\376\377\000E\000x\000p\000l\000o\000r\000i\000n\000g\000\040\000A\000c\000t\000i\000v\000i\000t\000y\000\040\000R\000e\000c\000o\000g\000n\000i\000t\000i\000o\000n\000\040\000i\000n\000\040\000R\000o\000b\000o\000g\000a\000m\000e\000s}{}% 28
\BOOKMARK [1][]{section.4.1}{\376\377\000I\000n\000t\000r\000o\000d\000u\000c\000t\000i\000o\000n}{chapter.4}% 29
\BOOKMARK [1][]{section.4.2}{\376\377\000R\000e\000l\000a\000t\000e\000d\000\040\000W\000o\000r\000k\000s}{chapter.4}% 30
\BOOKMARK [1][]{section.4.3}{\376\377\000T\000h\000e\000\040\000G\000a\000m\000e\000\040\000S\000c\000e\000n\000a\000r\000i\000o}{chapter.4}% 31
\BOOKMARK [2][]{subsection.4.3.1}{\376\377\000T\000h\000e\000\040\000R\000o\000b\000o\000t\000i\000c\000\040\000P\000l\000a\000t\000f\000o\000r\000m}{section.4.3}% 32
\BOOKMARK [2][]{subsection.4.3.2}{\376\377\000G\000a\000m\000e\000\040\000S\000c\000e\000n\000a\000r\000i\000o}{section.4.3}% 33
\BOOKMARK [1][]{section.4.4}{\376\377\000M\000e\000t\000h\000o\000d}{chapter.4}% 34
\BOOKMARK [2][]{subsection.4.4.1}{\376\377\000A\000c\000t\000i\000v\000i\000t\000y\000\040\000a\000n\000a\000l\000y\000s\000i\000s}{section.4.4}% 35
\BOOKMARK [2][]{subsection.4.4.2}{\376\377\000D\000a\000t\000a\000\040\000C\000o\000l\000l\000e\000c\000t\000i\000o\000n}{section.4.4}% 36
\BOOKMARK [2][]{subsection.4.4.3}{\376\377\000C\000l\000a\000s\000s\000i\000f\000i\000c\000a\000t\000i\000o\000n\000\040\000s\000e\000t\000u\000p}{section.4.4}% 37
\BOOKMARK [1][]{section.4.5}{\376\377\000R\000e\000s\000u\000l\000t\000s\000\040\000a\000n\000d\000\040\000d\000i\000s\000c\000u\000s\000s\000i\000o\000n}{chapter.4}% 38
\BOOKMARK [1][]{section.4.6}{\376\377\000C\000o\000n\000c\000l\000u\000s\000i\000o\000n}{chapter.4}% 39
\BOOKMARK [0][]{chapter.5}{\376\377\000L\000a\000t\000e\000n\000t\000\040\000p\000l\000a\000y\000e\000r\000\040\000b\000e\000h\000a\000v\000i\000o\000r\000\040\000m\000o\000d\000e\000l\000i\000n\000g}{}% 40
\BOOKMARK [1][]{section.5.1}{\376\377\000I\000n\000t\000r\000o\000d\000u\000c\000t\000i\000o\000n}{chapter.5}% 41
\BOOKMARK [1][]{section.5.2}{\376\377\000M\000a\000t\000h\000e\000m\000a\000t\000i\000c\000a\000l\000\040\000P\000r\000e\000l\000i\000m\000i\000n\000a\000r\000i\000e\000s}{chapter.5}% 42
\BOOKMARK [2][]{subsection.5.2.1}{\376\377\000G\000r\000a\000m\000i\000a\000n\000\040\000A\000n\000g\000u\000l\000a\000r\000\040\000F\000i\000e\000l\000d\000\040\000I\000m\000a\000g\000e\000s}{section.5.2}% 43
\BOOKMARK [2][]{subsection.5.2.2}{\376\377\000L\000a\000t\000e\000n\000t\000\040\000D\000i\000r\000i\000c\000h\000l\000e\000t\000\040\000A\000l\000l\000o\000c\000a\000t\000i\000o\000n}{section.5.2}% 44
\BOOKMARK [2][]{subsection.5.2.3}{\376\377\000A\000u\000t\000o\000e\000n\000c\000o\000d\000e\000r}{section.5.2}% 45
\BOOKMARK [1][]{section.5.3}{\376\377\000P\000r\000o\000b\000l\000e\000m\000\040\000S\000t\000a\000t\000e\000m\000e\000n\000t}{chapter.5}% 46
\BOOKMARK [1][]{section.5.4}{\376\377\000T\000e\000c\000h\000n\000i\000c\000a\000l\000\040\000A\000p\000p\000r\000o\000a\000c\000h}{chapter.5}% 47
\BOOKMARK [1][]{section.5.5}{\376\377\000M\000a\000t\000e\000r\000i\000a\000l\000s\000\040\000a\000n\000d\000\040\000M\000e\000t\000h\000o\000d\000s}{chapter.5}% 48
\BOOKMARK [2][]{subsection.5.5.1}{\376\377\000T\000h\000e\000\040\000R\000o\000b\000o\000t\000i\000c\000\040\000P\000l\000a\000t\000f\000o\000r\000m}{section.5.5}% 49
\BOOKMARK [2][]{subsection.5.5.2}{\376\377\000G\000a\000m\000e\000\040\000S\000c\000e\000n\000a\000r\000i\000o}{section.5.5}% 50
\BOOKMARK [1][]{section.5.6}{\376\377\000E\000x\000p\000e\000r\000i\000m\000e\000n\000t\000a\000l\000\040\000R\000e\000s\000u\000l\000t\000s}{chapter.5}% 51
\BOOKMARK [2][]{subsection.5.6.1}{\376\377\000F\000e\000a\000t\000u\000r\000e\000\040\000E\000x\000t\000r\000a\000c\000t\000i\000o\000n}{section.5.6}% 52
\BOOKMARK [2][]{subsection.5.6.2}{\376\377\000D\000i\000c\000t\000i\000o\000n\000a\000r\000y\000\040\000L\000e\000a\000r\000n\000i\000n\000g\000\040\000a\000n\000d\000\040\000I\000n\000p\000u\000t\000\040\000W\000o\000r\000d\000\040\000D\000e\000f\000i\000n\000i\000t\000i\000o\000n}{section.5.6}% 53
\BOOKMARK [2][]{subsection.5.6.3}{\376\377\000V\000a\000l\000i\000d\000a\000t\000i\000o\000n}{section.5.6}% 54
\BOOKMARK [1][]{section.5.7}{\376\377\000D\000i\000s\000c\000u\000s\000s\000i\000o\000n}{chapter.5}% 55
\BOOKMARK [0][]{chapter.6}{\376\377\000U\000s\000i\000n\000g\000\040\000s\000o\000c\000i\000a\000l\000\040\000i\000n\000t\000e\000r\000a\000c\000t\000i\000o\000n\000\040\000a\000n\000a\000l\000y\000s\000i\000s\000\040\000a\000n\000d\000\040\000d\000e\000c\000e\000p\000t\000i\000o\000n\000\040\000f\000o\000r\000\040\000e\000n\000t\000e\000r\000t\000a\000i\000n\000m\000e\000n\000t\000\040\000s\000u\000p\000p\000o\000r\000t\000\040\000i\000n\000\040\000a\000\040\000p\000h\000y\000s\000i\000c\000a\000l\000l\000y\000\040\000i\000n\000t\000e\000r\000a\000c\000t\000i\000v\000e\000\040\000r\000o\000b\000o\000g\000a\000m\000e}{}% 56
\BOOKMARK [1][]{section.6.1}{\376\377\000I\000n\000t\000r\000o\000d\000u\000c\000t\000i\000o\000n}{chapter.6}% 57
\BOOKMARK [1][]{section.6.2}{\376\377\000R\000e\000l\000a\000t\000e\000d\000\040\000W\000o\000r\000k\000s}{chapter.6}% 58
\BOOKMARK [2][]{subsection.6.2.1}{\376\377\000D\000e\000c\000e\000p\000t\000i\000o\000n\000\040\000a\000n\000d\000\040\000r\000o\000b\000o\000t\000s}{section.6.2}% 59
\BOOKMARK [2][]{subsection.6.2.2}{\376\377\000P\000h\000y\000s\000i\000c\000a\000l\000l\000y\000\040\000I\000n\000t\000e\000r\000a\000c\000t\000i\000v\000e\000\040\000R\000o\000b\000o\000g\000a\000m\000e\000s}{section.6.2}% 60
\BOOKMARK [1][]{section.6.3}{\376\377\000T\000h\000e\000\040\000g\000a\000m\000e\000\040\000e\000n\000v\000i\000r\000o\000n\000m\000e\000n\000t}{chapter.6}% 61
\BOOKMARK [2][]{subsection.6.3.1}{\376\377\000P\000l\000a\000y\000g\000r\000o\000u\000n\000d}{section.6.3}% 62
\BOOKMARK [2][]{subsection.6.3.2}{\376\377\000R\000o\000b\000o\000t\000i\000c\000\040\000a\000g\000e\000n\000t}{section.6.3}% 63
\BOOKMARK [2][]{subsection.6.3.3}{\376\377\000R\000u\000l\000e\000s}{section.6.3}% 64
\BOOKMARK [1][]{section.6.4}{\376\377\000M\000e\000t\000h\000o\000d}{chapter.6}% 65
\BOOKMARK [2][]{subsection.6.4.1}{\376\377\000D\000e\000t\000e\000c\000t\000i\000n\000g\000\040\000t\000h\000e\000\040\000n\000e\000e\000d\000\040\000f\000o\000r\000\040\000d\000e\000c\000e\000p\000t\000i\000o\000n}{section.6.4}% 66
\BOOKMARK [2][]{subsection.6.4.2}{\376\377\000C\000o\000m\000m\000u\000n\000i\000c\000a\000t\000i\000n\000g\000\040\000f\000a\000l\000s\000e\000\040\000g\000o\000a\000l\000s}{section.6.4}% 67
\BOOKMARK [1][]{section.6.5}{\376\377\000V\000a\000l\000i\000d\000a\000t\000i\000o\000n}{chapter.6}% 68
\BOOKMARK [2][]{subsection.6.5.1}{\376\377\000E\000x\000p\000e\000r\000i\000m\000e\000n\000t\000a\000l\000\040\000s\000e\000t\000u\000p}{section.6.5}% 69
\BOOKMARK [2][]{subsection.6.5.2}{\376\377\000P\000o\000s\000t\000-\000M\000a\000t\000c\000h\000\040\000S\000u\000r\000v\000e\000y}{section.6.5}% 70
\BOOKMARK [2][]{subsection.6.5.3}{\376\377\000P\000a\000r\000t\000i\000c\000i\000p\000a\000n\000t\000s}{section.6.5}% 71
\BOOKMARK [2][]{subsection.6.5.4}{\376\377\000R\000e\000s\000u\000l\000t\000s}{section.6.5}% 72
\BOOKMARK [1][]{section.6.6}{\376\377\000D\000i\000s\000c\000u\000s\000s\000i\000o\000n}{chapter.6}% 73
\BOOKMARK [2][]{subsection.6.6.1}{\376\377\000L\000i\000m\000i\000t\000a\000t\000i\000o\000n\000s}{section.6.6}% 74
\BOOKMARK [1][]{section.6.7}{\376\377\000C\000o\000n\000c\000l\000u\000s\000i\000o\000n\000\040\000a\000n\000d\000\040\000F\000u\000t\000u\000r\000e\000\040\000W\000o\000r\000k\000s}{chapter.6}% 75
\BOOKMARK [0][]{chapter.7}{\376\377\000K\000e\000y\000\040\000i\000s\000s\000u\000e\000s\000\040\000i\000n\000\040\000d\000e\000s\000i\000g\000n\000i\000n\000g\000\040\000e\000n\000g\000a\000g\000i\000n\000g\000\040\000p\000h\000y\000s\000i\000c\000a\000l\000l\000y\000\040\000i\000n\000t\000e\000r\000a\000c\000t\000i\000v\000e\000\040\000r\000o\000b\000o\000g\000a\000m\000e\000s}{}% 76
\BOOKMARK [0][]{chapter.8}{\376\377\000F\000u\000t\000u\000r\000e\000\040\000w\000o\000r\000k\000\040\000a\000n\000d\000\040\000c\000o\000n\000c\000l\000u\000s\000i\000o\000n}{}% 77
